<?xml version="1.0" encoding="UTF-8"?>
<!-- Generated by org.testng.reporters.JUnitXMLReporter -->
<testsuite ignored="0" hostname="Naresh" failures="0" tests="1" name="testNG.xml" time="0.063" errors="0" timestamp="2023-02-17T22:28:50 IST">
  <testcase classname="com.application.scripts.BrowserTest" name="@BeforeClass launchBrowser" time="0.012">
    <failure type="java.lang.NullPointerException" message="Cannot invoke &amp;quot;org.openqa.selenium.WebDriver.get(String)&amp;quot; because &amp;quot;this.driver&amp;quot; is null">
      <![CDATA[java.lang.NullPointerException: Cannot invoke "org.openqa.selenium.WebDriver.get(String)" because "this.driver" is null
at com.application.scripts.BrowserTest.launchBrowser(BrowserTest.java:39)
at java.base/java.util.ArrayList.forEach(ArrayList.java:1511)
... Removed 25 stack frames]]>
    </failure>
  </testcase> <!-- @BeforeClass launchBrowser -->
  <testcase classname="com.application.scripts.BrowserTest" name="@AfterClass closeBrowser" time="-1.676653130306E9">
    <skipped/>
  </testcase> <!-- @AfterClass closeBrowser -->
  <testcase classname="com.application.scripts.BrowserTest" name="browserMethods" time="0.0">
    <skipped/>
  </testcase> <!-- browserMethods -->
</testsuite> <!-- testNG.xml -->
