<?xml version="1.0" encoding="UTF-8"?>
<testng-results ignored="0" total="1" passed="1" failed="0" skipped="0">
  <reporter-output>
  </reporter-output>
  <suite started-at="2023-02-10T20:59:52 IST" name="Default suite" finished-at="2023-02-10T21:00:04 IST" duration-ms="12372">
    <groups>
    </groups>
    <test started-at="2023-02-10T20:59:52 IST" name="Default test" finished-at="2023-02-10T21:00:04 IST" duration-ms="12372">
      <class name="com.application.scripts.BrowserTest">
        <test-method is-config="true" signature="launchBrowser()[pri:0, instance:com.application.scripts.BrowserTest@795cd85e]" started-at="2023-02-10T20:59:52 IST" name="launchBrowser" finished-at="2023-02-10T20:59:57 IST" duration-ms="4681" status="PASS">
          <reporter-output>
          </reporter-output>
        </test-method> <!-- launchBrowser -->
        <test-method signature="browserMethods()[pri:0, instance:com.application.scripts.BrowserTest@795cd85e]" started-at="2023-02-10T20:59:57 IST" name="browserMethods" finished-at="2023-02-10T21:00:04 IST" duration-ms="7106" status="PASS">
          <reporter-output>
          </reporter-output>
        </test-method> <!-- browserMethods -->
        <test-method is-config="true" signature="closeBrowser()[pri:0, instance:com.application.scripts.BrowserTest@795cd85e]" started-at="2023-02-10T21:00:04 IST" name="closeBrowser" finished-at="2023-02-10T21:00:04 IST" duration-ms="545" status="PASS">
          <reporter-output>
          </reporter-output>
        </test-method> <!-- closeBrowser -->
      </class> <!-- com.application.scripts.BrowserTest -->
    </test> <!-- Default test -->
  </suite> <!-- Default suite -->
</testng-results>
